milestone 1, prepare data architecture documentation
create stay-in-touch erd and add to doc
change css color

# ----------------------------------------------------------------------#
milestone 5, friendships v1 and milestone 6, friendships v2
rails g model friendship approved:boolean

edit migration file

add to friendship model
  belongs_to :active_friend, class_name: :User
  belongs_to :passive_friend, class_name: :User

add to user model
  has_many :friendships, foreign_key: :active_friend_id

  def friend_with?(user)
    if friendships.find_by(reciever_id: user.id, status: true)
      return true
    end
  end

  rails generate controller Friendships new create index destroy

  edit friendships_helper

create db seed
add gem 'faker', '1.7.3' to gemfile


